<?xml version="1.0" encoding="UTF-8"?>
<!-- Generated by org.testng.reporters.JUnitXMLReporter -->
<testsuite ignored="2" hostname="LAPTOP-VNBA3OG5" failures="0" tests="1" name="Default test" time="0.068" errors="0" timestamp="2021-09-29T21:44:40 CDT">
  <testcase classname="_FindingDuplicateInSeries_package._FindingDuplicateInSeries.FindingDuplicateInSeries" name="testcase3" time="0.014"/>
  <testcase classname="_FindingDuplicateInSeries_package._FindingDuplicateInSeries.FindingDuplicateInSeries" name="testcase2" time="0.0">
    <ignored/>
  </testcase> <!-- testcase2 -->
  <testcase classname="_FindingDuplicateInSeries_package._FindingDuplicateInSeries.FindingDuplicateInSeries" name="testcase1" time="0.0">
    <ignored/>
  </testcase> <!-- testcase1 -->
</testsuite> <!-- Default test -->
