<?xml version="1.0" encoding="UTF-8"?>
<testng-results ignored="2" total="3" passed="1" failed="0" skipped="0">
  <reporter-output>
  </reporter-output>
  <suite started-at="2021-09-29T21:44:40 CDT" name="Default suite" finished-at="2021-09-29T21:44:40 CDT" duration-ms="68">
    <groups>
    </groups>
    <test started-at="2021-09-29T21:44:40 CDT" name="Default test" finished-at="2021-09-29T21:44:40 CDT" duration-ms="68">
      <class name="_FindingDuplicateInSeries_package._FindingDuplicateInSeries.FindingDuplicateInSeries">
        <test-method signature="testcase3()[pri:0, instance:_FindingDuplicateInSeries_package._FindingDuplicateInSeries.FindingDuplicateInSeries@38c5cc4c]" started-at="2021-09-29T21:44:40 CDT" name="testcase3" finished-at="2021-09-29T21:44:40 CDT" duration-ms="14" status="PASS">
          <reporter-output>
          </reporter-output>
        </test-method> <!-- testcase3 -->
      </class> <!-- _FindingDuplicateInSeries_package._FindingDuplicateInSeries.FindingDuplicateInSeries -->
    </test> <!-- Default test -->
  </suite> <!-- Default suite -->
</testng-results>
